\BOOKMARK [0][-]{chapter.1}{GENERALIDADES}{}% 1
\BOOKMARK [1][-]{section.1.1}{Objetivos}{chapter.1}% 2
\BOOKMARK [2][-]{subsection.1.1.1}{Objetivo general}{section.1.1}% 3
\BOOKMARK [2][-]{subsection.1.1.2}{Objetivos espec\355ficos}{section.1.1}% 4
\BOOKMARK [1][-]{section.1.2}{Justificaci\363n}{chapter.1}% 5
\BOOKMARK [1][-]{section.1.3}{Caracterizaci\363n de la empresa}{chapter.1}% 6
\BOOKMARK [2][-]{subsection.1.3.1}{Datos generales de la empresa}{section.1.3}% 7
\BOOKMARK [3][-]{section*.2}{Misi\363n}{subsection.1.3.1}% 8
\BOOKMARK [3][-]{section*.3}{Visi\363n}{subsection.1.3.1}% 9
\BOOKMARK [3][-]{section*.4}{Valores}{subsection.1.3.1}% 10
\BOOKMARK [3][-]{section*.5}{Objetivo}{subsection.1.3.1}% 11
\BOOKMARK [3][-]{section*.6}{Estructura Organizativa}{subsection.1.3.1}% 12
\BOOKMARK [2][-]{subsection.1.3.2}{Descripci\363n del departamento o \341rea de trabajo}{section.1.3}% 13
\BOOKMARK [1][-]{section.1.4}{Problemas a resolver}{chapter.1}% 14
\BOOKMARK [1][-]{section.1.5}{Alcances y limitaciones}{chapter.1}% 15
\BOOKMARK [2][-]{subsection.1.5.1}{Alcances}{section.1.5}% 16
\BOOKMARK [2][-]{subsection.1.5.2}{Limitaciones}{section.1.5}% 17
\BOOKMARK [0][-]{chapter.2}{FUNDAMENTACI\323N TE\323RICA}{}% 18
\BOOKMARK [1][-]{section.2.1}{Ingenier\355a del software}{chapter.2}% 19
\BOOKMARK [1][-]{section.2.2}{Herramientas de desarrollo}{chapter.2}% 20
\BOOKMARK [2][-]{subsection.2.2.1}{Visual Studio Community 2015}{section.2.2}% 21
\BOOKMARK [2][-]{subsection.2.2.2}{MariaDB}{section.2.2}% 22
\BOOKMARK [2][-]{subsection.2.2.3}{SQLite}{section.2.2}% 23
\BOOKMARK [2][-]{subsection.2.2.4}{IntraFace}{section.2.2}% 24
\BOOKMARK [2][-]{subsection.2.2.5}{OpenCV}{section.2.2}% 25
\BOOKMARK [1][-]{section.2.3}{Lenguajes de programaci\363n}{chapter.2}% 26
\BOOKMARK [2][-]{subsection.2.3.1}{C++}{section.2.3}% 27
\BOOKMARK [2][-]{subsection.2.3.2}{Python}{section.2.3}% 28
\BOOKMARK [2][-]{subsection.2.3.3}{R}{section.2.3}% 29
\BOOKMARK [1][-]{section.2.4}{Metodolog\355as de desarrollo de software}{chapter.2}% 30
\BOOKMARK [0][-]{chapter.3}{DESCRIPCI\323N DE ACTIVIDADES REALIZADAS}{}% 31
\BOOKMARK [1][-]{section.3.1}{An\341lisis}{chapter.3}% 32
\BOOKMARK [1][-]{section.3.2}{Dise\361o}{chapter.3}% 33
\BOOKMARK [1][-]{section.3.3}{Desarrollo}{chapter.3}% 34
\BOOKMARK [1][-]{section.3.4}{Pruebas}{chapter.3}% 35
\BOOKMARK [1][-]{section.3.5}{Implementaci\363n}{chapter.3}% 36
\BOOKMARK [1][-]{section.3.6}{Retroalimentaci\363n}{chapter.3}% 37
\BOOKMARK [1][-]{section.3.7}{Resultados}{chapter.3}% 38
\BOOKMARK [1][-]{section.3.8}{Conclusiones y recomendaciones}{chapter.3}% 39
\BOOKMARK [1][-]{section.3.9}{Referencias Bibliogr\341ficas \046 Glosario}{chapter.3}% 40
