c:\users\kharl\documents\git\godzila\learn\vectores\debug\vc140.pdb
c:\users\kharl\documents\git\godzila\learn\vectores\debug\vc140.idb
c:\users\kharl\documents\git\godzila\learn\vectores\debug\captureframe.obj
c:\users\kharl\documents\git\godzila\learn\vectores\debug\prepare.obj
c:\users\kharl\documents\git\godzila\learn\vectores\debug\helpers.obj
c:\users\kharl\documents\git\godzila\learn\vectores\debug\findeyecenter.obj
c:\users\kharl\documents\git\vision\vectores\debug\vc140.pdb
c:\users\kharl\documents\git\vision\vectores\debug\vc140.idb
c:\users\kharl\documents\git\vision\vectores\debug\captureframe.obj
c:\users\kharl\documents\git\vision\vectores\debug\findeyecenter.obj
c:\users\kharl\documents\git\vision\vectores\debug\findeyecorner.obj
c:\users\kharl\documents\git\vision\vectores\debug\geteye.obj
c:\users\kharl\documents\git\vision\vectores\debug\helpers.obj
c:\users\kharl\documents\git\vision\vectores\debug\main.obj
c:\users\kharl\documents\git\vision\vectores\debug\hough.obj
c:\users\kharl\documents\git\vision\vectores\debug\prepare.obj
c:\users\kharl\documents\git\vision\vectores\debug\test.obj
c:\users\kharl\documents\git\godzila\learn\vectores\debug\vectores.ilk
c:\users\kharl\documents\git\godzila\learn\vectores\debug\vectores.exe
c:\users\kharl\documents\git\godzila\learn\vectores\debug\vectores.pdb
c:\users\kharl\documents\git\vision\vectores\debug\vectores.ilk
c:\users\kharl\documents\git\vision\vectores\debug\vectores.exe
c:\users\kharl\documents\git\vision\vectores\debug\vectores.pdb
c:\users\kharl\documents\git\vision\vectores\debug\vectores.tlog\cl.command.1.tlog
c:\users\kharl\documents\git\vision\vectores\debug\vectores.tlog\cl.read.1.tlog
c:\users\kharl\documents\git\vision\vectores\debug\vectores.tlog\cl.write.1.tlog
c:\users\kharl\documents\git\vision\vectores\debug\vectores.tlog\link.command.1.tlog
c:\users\kharl\documents\git\vision\vectores\debug\vectores.tlog\link.read.1.tlog
c:\users\kharl\documents\git\vision\vectores\debug\vectores.tlog\link.write.1.tlog
