  trainer.cpp
c:\users\kharl\documents\git\godzila\eye\libraries\intraface\include\intraface\marcos.h(45): warning C4005: 'max': macro redefinition
  c:\program files\windows kits\8.1\include\shared\minwindef.h(193): note: see previous definition of 'max'
c:\users\kharl\documents\git\godzila\eye\libraries\intraface\include\intraface\facealignment.h(80): warning C4251: 'INTRAFACE::FaceAlignment::m_DR': class 'std::vector<cv::Mat,std::allocator<_Ty>>' needs to have dll-interface to be used by clients of class 'INTRAFACE::FaceAlignment'
          with
          [
              _Ty=cv::Mat
          ]
c:\users\kharl\documents\git\godzila\eye\libraries\intraface\include\intraface\facealignment.h(80): warning C4251: 'INTRAFACE::FaceAlignment::m_Db': class 'std::vector<cv::Mat,std::allocator<_Ty>>' needs to have dll-interface to be used by clients of class 'INTRAFACE::FaceAlignment'
          with
          [
              _Ty=cv::Mat
          ]
c:\users\kharl\documents\git\godzila\eye\libraries\intraface\include\intraface\facealignment.h(80): warning C4251: 'INTRAFACE::FaceAlignment::m_TR': class 'std::vector<cv::Mat,std::allocator<_Ty>>' needs to have dll-interface to be used by clients of class 'INTRAFACE::FaceAlignment'
          with
          [
              _Ty=cv::Mat
          ]
c:\users\kharl\documents\git\godzila\eye\libraries\intraface\include\intraface\facealignment.h(80): warning C4251: 'INTRAFACE::FaceAlignment::m_Tb': class 'std::vector<cv::Mat,std::allocator<_Ty>>' needs to have dll-interface to be used by clients of class 'INTRAFACE::FaceAlignment'
          with
          [
              _Ty=cv::Mat
          ]
c:\users\kharl\documents\git\godzila\eye\libraries\intraface\include\intraface\facealignment.h(81): warning C4251: 'INTRAFACE::FaceAlignment::m_winsize': class 'std::vector<int,std::allocator<_Ty>>' needs to have dll-interface to be used by clients of class 'INTRAFACE::FaceAlignment'
          with
          [
              _Ty=int
          ]
c:\users\kharl\documents\git\godzila\eye\libraries\intraface\include\intraface\facealignment.h(82): warning C4251: 'INTRAFACE::FaceAlignment::m_flags': class 'std::vector<bool,std::allocator<_Ty>>' needs to have dll-interface to be used by clients of class 'INTRAFACE::FaceAlignment'
          with
          [
              _Ty=bool
          ]
c:\users\kharl\documents\git\godzila\eye\libraries\intraface\include\intraface\facealignment.h(83): warning C4251: 'INTRAFACE::FaceAlignment::m_w': class 'cv::Mat' needs to have dll-interface to be used by clients of class 'INTRAFACE::FaceAlignment'
  c:\opencv\build\include\opencv2\core\mat.hpp(731): note: see declaration of 'cv::Mat'
c:\users\kharl\documents\git\godzila\eye\libraries\intraface\include\intraface\facealignment.h(84): warning C4251: 'INTRAFACE::FaceAlignment::m_meanShape2D': class 'cv::Mat' needs to have dll-interface to be used by clients of class 'INTRAFACE::FaceAlignment'
  c:\opencv\build\include\opencv2\core\mat.hpp(731): note: see declaration of 'cv::Mat'
c:\users\kharl\documents\git\godzila\eye\libraries\intraface\include\intraface\facealignment.h(86): warning C4251: 'INTRAFACE::FaceAlignment::m_cropROI': class 'cv::Rect_<int>' needs to have dll-interface to be used by clients of class 'INTRAFACE::FaceAlignment'
c:\users\kharl\documents\git\godzila\eye\libraries\intraface\include\intraface\facealignment.h(87): warning C4251: 'INTRAFACE::FaceAlignment::m_offset': class 'cv::Rect_<double>' needs to have dll-interface to be used by clients of class 'INTRAFACE::FaceAlignment'
c:\users\kharl\documents\git\vision\vectores\trainer.cpp(33): error C2664: 'int sqlite3_exec(sqlite3 *,const char *,int (__cdecl *)(void *,int,char **,char **),void *,char **)': cannot convert argument 3 from 'int (__cdecl *)(void *,int,int **,char **)' to 'int (__cdecl *)(void *,int,char **,char **)'
  c:\users\kharl\documents\git\vision\vectores\trainer.cpp(33): note: None of the functions with this name in scope match the target type
  captureFrame.cpp
c:\users\kharl\documents\git\godzila\eye\libraries\intraface\include\intraface\facealignment.h(80): warning C4251: 'INTRAFACE::FaceAlignment::m_DR': class 'std::vector<cv::Mat,std::allocator<_Ty>>' needs to have dll-interface to be used by clients of class 'INTRAFACE::FaceAlignment'
          with
          [
              _Ty=cv::Mat
          ]
c:\users\kharl\documents\git\godzila\eye\libraries\intraface\include\intraface\facealignment.h(80): warning C4251: 'INTRAFACE::FaceAlignment::m_Db': class 'std::vector<cv::Mat,std::allocator<_Ty>>' needs to have dll-interface to be used by clients of class 'INTRAFACE::FaceAlignment'
          with
          [
              _Ty=cv::Mat
          ]
c:\users\kharl\documents\git\godzila\eye\libraries\intraface\include\intraface\facealignment.h(80): warning C4251: 'INTRAFACE::FaceAlignment::m_TR': class 'std::vector<cv::Mat,std::allocator<_Ty>>' needs to have dll-interface to be used by clients of class 'INTRAFACE::FaceAlignment'
          with
          [
              _Ty=cv::Mat
          ]
c:\users\kharl\documents\git\godzila\eye\libraries\intraface\include\intraface\facealignment.h(80): warning C4251: 'INTRAFACE::FaceAlignment::m_Tb': class 'std::vector<cv::Mat,std::allocator<_Ty>>' needs to have dll-interface to be used by clients of class 'INTRAFACE::FaceAlignment'
          with
          [
              _Ty=cv::Mat
          ]
c:\users\kharl\documents\git\godzila\eye\libraries\intraface\include\intraface\facealignment.h(81): warning C4251: 'INTRAFACE::FaceAlignment::m_winsize': class 'std::vector<int,std::allocator<_Ty>>' needs to have dll-interface to be used by clients of class 'INTRAFACE::FaceAlignment'
          with
          [
              _Ty=int
          ]
c:\users\kharl\documents\git\godzila\eye\libraries\intraface\include\intraface\facealignment.h(82): warning C4251: 'INTRAFACE::FaceAlignment::m_flags': class 'std::vector<bool,std::allocator<_Ty>>' needs to have dll-interface to be used by clients of class 'INTRAFACE::FaceAlignment'
          with
          [
              _Ty=bool
          ]
c:\users\kharl\documents\git\godzila\eye\libraries\intraface\include\intraface\facealignment.h(83): warning C4251: 'INTRAFACE::FaceAlignment::m_w': class 'cv::Mat' needs to have dll-interface to be used by clients of class 'INTRAFACE::FaceAlignment'
  c:\opencv\build\include\opencv2\core\mat.hpp(731): note: see declaration of 'cv::Mat'
c:\users\kharl\documents\git\godzila\eye\libraries\intraface\include\intraface\facealignment.h(84): warning C4251: 'INTRAFACE::FaceAlignment::m_meanShape2D': class 'cv::Mat' needs to have dll-interface to be used by clients of class 'INTRAFACE::FaceAlignment'
  c:\opencv\build\include\opencv2\core\mat.hpp(731): note: see declaration of 'cv::Mat'
c:\users\kharl\documents\git\godzila\eye\libraries\intraface\include\intraface\facealignment.h(86): warning C4251: 'INTRAFACE::FaceAlignment::m_cropROI': class 'cv::Rect_<int>' needs to have dll-interface to be used by clients of class 'INTRAFACE::FaceAlignment'
c:\users\kharl\documents\git\godzila\eye\libraries\intraface\include\intraface\facealignment.h(87): warning C4251: 'INTRAFACE::FaceAlignment::m_offset': class 'cv::Rect_<double>' needs to have dll-interface to be used by clients of class 'INTRAFACE::FaceAlignment'
c:\users\kharl\documents\git\vision\vectores\captureframe.cpp(35): error C2062: type 'int' unexpected
c:\users\kharl\documents\git\vision\vectores\captureframe.cpp(58): warning C4244: 'argument': conversion from 'float' to 'int', possible loss of data
c:\users\kharl\documents\git\vision\vectores\captureframe.cpp(60): warning C4244: 'argument': conversion from 'float' to 'int', possible loss of data
c:\users\kharl\documents\git\vision\vectores\captureframe.cpp(61): warning C4244: 'argument': conversion from 'float' to 'int', possible loss of data
c:\users\kharl\documents\git\vision\vectores\captureframe.cpp(62): warning C4244: 'argument': conversion from 'float' to 'int', possible loss of data
c:\users\kharl\documents\git\vision\vectores\captureframe.cpp(134): warning C4305: 'initializing': truncation from 'double' to 'float'
c:\users\kharl\documents\git\vision\vectores\captureframe.cpp(205): warning C4018: '<': signed/unsigned mismatch
c:\users\kharl\documents\git\vision\vectores\captureframe.cpp(230): warning C4244: 'argument': conversion from 'float' to 'int', possible loss of data
c:\users\kharl\documents\git\vision\vectores\captureframe.cpp(238): warning C4244: 'argument': conversion from 'float' to 'int', possible loss of data
  Generating Code...
  Compiling...
  main.cpp
c:\users\kharl\documents\git\godzila\eye\libraries\intraface\include\intraface\facealignment.h(80): warning C4251: 'INTRAFACE::FaceAlignment::m_DR': class 'std::vector<cv::Mat,std::allocator<_Ty>>' needs to have dll-interface to be used by clients of class 'INTRAFACE::FaceAlignment'
          with
          [
              _Ty=cv::Mat
          ]
c:\users\kharl\documents\git\godzila\eye\libraries\intraface\include\intraface\facealignment.h(80): warning C4251: 'INTRAFACE::FaceAlignment::m_Db': class 'std::vector<cv::Mat,std::allocator<_Ty>>' needs to have dll-interface to be used by clients of class 'INTRAFACE::FaceAlignment'
          with
          [
              _Ty=cv::Mat
          ]
c:\users\kharl\documents\git\godzila\eye\libraries\intraface\include\intraface\facealignment.h(80): warning C4251: 'INTRAFACE::FaceAlignment::m_TR': class 'std::vector<cv::Mat,std::allocator<_Ty>>' needs to have dll-interface to be used by clients of class 'INTRAFACE::FaceAlignment'
          with
          [
              _Ty=cv::Mat
          ]
c:\users\kharl\documents\git\godzila\eye\libraries\intraface\include\intraface\facealignment.h(80): warning C4251: 'INTRAFACE::FaceAlignment::m_Tb': class 'std::vector<cv::Mat,std::allocator<_Ty>>' needs to have dll-interface to be used by clients of class 'INTRAFACE::FaceAlignment'
          with
          [
              _Ty=cv::Mat
          ]
c:\users\kharl\documents\git\godzila\eye\libraries\intraface\include\intraface\facealignment.h(81): warning C4251: 'INTRAFACE::FaceAlignment::m_winsize': class 'std::vector<int,std::allocator<_Ty>>' needs to have dll-interface to be used by clients of class 'INTRAFACE::FaceAlignment'
          with
          [
              _Ty=int
          ]
c:\users\kharl\documents\git\godzila\eye\libraries\intraface\include\intraface\facealignment.h(82): warning C4251: 'INTRAFACE::FaceAlignment::m_flags': class 'std::vector<bool,std::allocator<_Ty>>' needs to have dll-interface to be used by clients of class 'INTRAFACE::FaceAlignment'
          with
          [
              _Ty=bool
          ]
c:\users\kharl\documents\git\godzila\eye\libraries\intraface\include\intraface\facealignment.h(83): warning C4251: 'INTRAFACE::FaceAlignment::m_w': class 'cv::Mat' needs to have dll-interface to be used by clients of class 'INTRAFACE::FaceAlignment'
  c:\opencv\build\include\opencv2\core\mat.hpp(731): note: see declaration of 'cv::Mat'
c:\users\kharl\documents\git\godzila\eye\libraries\intraface\include\intraface\facealignment.h(84): warning C4251: 'INTRAFACE::FaceAlignment::m_meanShape2D': class 'cv::Mat' needs to have dll-interface to be used by clients of class 'INTRAFACE::FaceAlignment'
  c:\opencv\build\include\opencv2\core\mat.hpp(731): note: see declaration of 'cv::Mat'
c:\users\kharl\documents\git\godzila\eye\libraries\intraface\include\intraface\facealignment.h(86): warning C4251: 'INTRAFACE::FaceAlignment::m_cropROI': class 'cv::Rect_<int>' needs to have dll-interface to be used by clients of class 'INTRAFACE::FaceAlignment'
c:\users\kharl\documents\git\godzila\eye\libraries\intraface\include\intraface\facealignment.h(87): warning C4251: 'INTRAFACE::FaceAlignment::m_offset': class 'cv::Rect_<double>' needs to have dll-interface to be used by clients of class 'INTRAFACE::FaceAlignment'
  Generating Code...
  Skipping... (no relevant changes detected)
  muestras.cpp
